<?xml version="1.0" encoding="UTF-8"?>
<testng-results skipped="0" failed="0" ignored="0" total="1" passed="1">
  <reporter-output>
  </reporter-output>
  <suite name="Default suite" duration-ms="3330" started-at="2021-03-05T20:18:05 EST" finished-at="2021-03-05T20:18:08 EST">
    <groups>
    </groups>
    <test name="Default test" duration-ms="3330" started-at="2021-03-05T20:18:05 EST" finished-at="2021-03-05T20:18:08 EST">
      <class name="introRestAssured.GetBoardTrello">
        <test-method status="PASS" signature="getTrello()[pri:0, instance:introRestAssured.GetBoardTrello@7d0587f1]" name="getTrello" duration-ms="3255" started-at="2021-03-05T20:18:05 EST" finished-at="2021-03-05T20:18:08 EST">
          <reporter-output>
          </reporter-output>
        </test-method> <!-- getTrello -->
      </class> <!-- introRestAssured.GetBoardTrello -->
    </test> <!-- Default test -->
  </suite> <!-- Default suite -->
</testng-results>
